Arguments: 
  C:\Program Files\nodejs\node.exe C:\Users\madde\AppData\Roaming\npm\node_modules\yarn\bin\yarn.js start

PATH: 
  C:\Program Files\PHP\v7.1;C:\Program Files\PHP\v7.0;C:\Users\madde\AppData\Local\Google\Chrome SxS\Application;C:\Program Files (x86)\PHP\v5.6;C:\Users\madde\AppData\Local\Google\Chrome SxS\Application;C:\ProgramData\Oracle\Java\javapath;C:\Windows\system32;C:\Windows;C:\Windows\System32\Wbem;C:\Windows\System32\WindowsPowerShell\v1.0\;C:\Program Files (x86)\Intel\OpenCL SDK\2.0\bin\x86;C:\Program Files (x86)\Intel\OpenCL SDK\2.0\bin\x64;C:\Program Files\Git\cmd;C:\Program Files (x86)\Microsoft SQL Server\Client SDK\ODBC\130\Tools\Binn\;C:\Program Files (x86)\Microsoft SQL Server\130\Tools\Binn\;C:\Program Files (x86)\Microsoft SQL Server\130\DTS\Binn\;C:\Program Files (x86)\Microsoft SQL Server\130\Tools\Binn\ManagementStudio\;C:\Users\madde\AppData\Local\atom\bin;C:\Program Files (x86)\Google\Google Apps Sync\;C:\Program Files (x86)\Google\Google Apps Migration\;C:\ProgramData\ComposerSetup\bin;C:\Program Files\nodejs\;C:\Users\madde\AppData\Local\atom\bin;C:\Program Files\nodejs;C:\Users\madde\AppData\Roam;C:\ProgramData\chocolatey\bin;C:\Program Files\Microsoft SQL Server\Client SDK\ODBC\130\Tools\Binn\;C:\Windows\System32\WindowsPowerShell\v1.0\;C:\Users\madde\AppData\Local\atom\bin;C:\Program Files\nodejs;C:\Users\madde\AppData\Roaming\Composer\vendor\bin;C:\Users\madde\AppData\Roaming\npm;C:\Program Files\Microsoft VS Code\bin

Yarn version: 
  1.5.1

Node version: 
  8.9.1

Platform: 
  win32 x64

npm manifest: 
  No manifest

yarn manifest: 
  No manifest

Lockfile: 
  No lockfile

Trace: 
  Error: Couldn't find a package.json file in "C:\\documents\\reko-tour-booking-system"
      at new MessageError (C:\Users\madde\AppData\Roaming\npm\node_modules\yarn\lib\cli.js:186:110)
      at C:\Users\madde\AppData\Roaming\npm\node_modules\yarn\lib\cli.js:40048:15
      at Generator.next (<anonymous>)
      at step (C:\Users\madde\AppData\Roaming\npm\node_modules\yarn\lib\cli.js:98:30)
      at C:\Users\madde\AppData\Roaming\npm\node_modules\yarn\lib\cli.js:109:13
      at <anonymous>
